app/build/intermediates/manifest_merge_blame_file/debug/manifest-merger-blame-debug-report.txt
1<?xml version="1.0" encoding="utf-8"?>
2<manifest xmlns:android="http://schemas.android.com/apk/res/android"
3    package="com.app.mytracker"
4    android:versionCode="1"
5    android:versionName="1.0" >
6
7    <uses-sdk
8        android:minSdkVersion="24"
9        android:targetSdkVersion="34" />
10
11    <uses-permission android:name="android.permission.POST_NOTIFICATIONS" />
11-->src/main/AndroidManifest.xml:5:5-77
11-->src/main/AndroidManifest.xml:5:22-74
12    <uses-permission android:name="android.permission.SCHEDULE_EXACT_ALARM" />
12-->src/main/AndroidManifest.xml:6:5-79
12-->src/main/AndroidManifest.xml:6:22-76
13    <uses-permission android:name="android.permission.INTERNET" />
13-->[com.google.firebase:firebase-auth:22.3.1] AndroidManifest.xml:25:5-67
13-->[com.google.firebase:firebase-auth:22.3.1] AndroidManifest.xml:25:22-64
14    <uses-permission android:name="android.permission.ACCESS_NETWORK_STATE" />
14-->[com.google.firebase:firebase-auth:22.3.1] AndroidManifest.xml:26:5-79
14-->[com.google.firebase:firebase-auth:22.3.1] AndroidManifest.xml:26:22-76
15    <uses-permission android:name="com.google.android.providers.gsf.permission.READ_GSERVICES" />
15-->[com.google.android.recaptcha:recaptcha:18.4.0] AndroidManifest.xml:9:5-98
15-->[com.google.android.recaptcha:recaptcha:18.4.0] AndroidManifest.xml:9:22-95
16
17    <permission
17-->[androidx.core:core:1.12.0] AndroidManifest.xml:22:5-24:47
18        android:name="com.app.mytracker.DYNAMIC_RECEIVER_NOT_EXPORTED_PERMISSION"
18-->[androidx.core:core:1.12.0] AndroidManifest.xml:23:9-81
19        android:protectionLevel="signature" />
19-->[androidx.core:core:1.12.0] AndroidManifest.xml:24:9-44
20
21    <uses-permission android:name="com.app.mytracker.DYNAMIC_RECEIVER_NOT_EXPORTED_PERMISSION" />
21-->[androidx.core:core:1.12.0] AndroidManifest.xml:26:5-97
21-->[androidx.core:core:1.12.0] AndroidManifest.xml:26:22-94
22
23    <application
23-->src/main/AndroidManifest.xml:8:5-45:19
24        android:allowBackup="true"
24-->src/main/AndroidManifest.xml:9:9-35
25        android:appComponentFactory="androidx.core.app.CoreComponentFactory"
25-->[androidx.core:core:1.12.0] AndroidManifest.xml:28:18-86
26        android:dataExtractionRules="@xml/data_extraction_rules"
26-->src/main/AndroidManifest.xml:10:9-65
27        android:debuggable="true"
28        android:extractNativeLibs="false"
29        android:fullBackupContent="@xml/backup_rules"
29-->src/main/AndroidManifest.xml:11:9-54
30        android:icon="@mipmap/ic_launcher"
30-->src/main/AndroidManifest.xml:12:9-43
31        android:label="@string/app_name"
31-->src/main/AndroidManifest.xml:13:9-41
32        android:roundIcon="@mipmap/ic_launcher_round"
32-->src/main/AndroidManifest.xml:14:9-54
33        android:supportsRtl="true"
33-->src/main/AndroidManifest.xml:15:9-35
34        android:testOnly="true"
35        android:theme="@style/Theme.MyTracker" >
35-->src/main/AndroidManifest.xml:16:9-47
36        <activity
36-->src/main/AndroidManifest.xml:18:9-20:39
37            android:name="com.app.mytracker.ChartActivity"
37-->src/main/AndroidManifest.xml:19:13-42
38            android:exported="true" />
38-->src/main/AndroidManifest.xml:20:13-36
39        <activity
39-->src/main/AndroidManifest.xml:21:9-23:40
40            android:name="com.app.mytracker.RegistrationActivity"
40-->src/main/AndroidManifest.xml:22:13-49
41            android:exported="false" />
41-->src/main/AndroidManifest.xml:23:13-37
42        <activity
42-->src/main/AndroidManifest.xml:24:9-32:20
43            android:name="com.app.mytracker.LoginActivity"
43-->src/main/AndroidManifest.xml:25:13-42
44            android:exported="true" >
44-->src/main/AndroidManifest.xml:26:13-36
45            <intent-filter>
45-->src/main/AndroidManifest.xml:27:13-31:29
46                <action android:name="android.intent.action.MAIN" />
46-->src/main/AndroidManifest.xml:28:17-69
46-->src/main/AndroidManifest.xml:28:25-66
47
48                <category android:name="android.intent.category.LAUNCHER" />
48-->src/main/AndroidManifest.xml:30:17-77
48-->src/main/AndroidManifest.xml:30:27-74
49            </intent-filter>
50        </activity>
51        <activity
51-->src/main/AndroidManifest.xml:33:9-35:40
52            android:name="com.app.mytracker.MainActivity"
52-->src/main/AndroidManifest.xml:34:13-41
53            android:exported="false" />
53-->src/main/AndroidManifest.xml:35:13-37
54
55        <receiver
55-->src/main/AndroidManifest.xml:37:9-40:40
56            android:name="com.app.mytracker.NotificationReceiver"
56-->src/main/AndroidManifest.xml:38:13-49
57            android:enabled="true"
57-->src/main/AndroidManifest.xml:39:13-35
58            android:exported="false" />
58-->src/main/AndroidManifest.xml:40:13-37
59
60        <meta-data
60-->src/main/AndroidManifest.xml:42:9-44:71
61            android:name="com.google.firebase.messaging.default_notification_channel_id"
61-->src/main/AndroidManifest.xml:43:13-89
62            android:value="@string/default_notification_channel_id" />
62-->src/main/AndroidManifest.xml:44:13-68
63
64        <activity
64-->[com.google.firebase:firebase-auth:22.3.1] AndroidManifest.xml:29:9-46:20
65            android:name="com.google.firebase.auth.internal.GenericIdpActivity"
65-->[com.google.firebase:firebase-auth:22.3.1] AndroidManifest.xml:30:13-80
66            android:excludeFromRecents="true"
66-->[com.google.firebase:firebase-auth:22.3.1] AndroidManifest.xml:31:13-46
67            android:exported="true"
67-->[com.google.firebase:firebase-auth:22.3.1] AndroidManifest.xml:32:13-36
68            android:launchMode="singleTask"
68-->[com.google.firebase:firebase-auth:22.3.1] AndroidManifest.xml:33:13-44
69            android:theme="@android:style/Theme.Translucent.NoTitleBar" >
69-->[com.google.firebase:firebase-auth:22.3.1] AndroidManifest.xml:34:13-72
70            <intent-filter>
70-->[com.google.firebase:firebase-auth:22.3.1] AndroidManifest.xml:35:13-45:29
71                <action android:name="android.intent.action.VIEW" />
71-->[com.google.firebase:firebase-auth:22.3.1] AndroidManifest.xml:36:17-69
71-->[com.google.firebase:firebase-auth:22.3.1] AndroidManifest.xml:36:25-66
72
73                <category android:name="android.intent.category.DEFAULT" />
73-->[com.google.firebase:firebase-auth:22.3.1] AndroidManifest.xml:38:17-76
73-->[com.google.firebase:firebase-auth:22.3.1] AndroidManifest.xml:38:27-73
74                <category android:name="android.intent.category.BROWSABLE" />
74-->[com.google.firebase:firebase-auth:22.3.1] AndroidManifest.xml:39:17-78
74-->[com.google.firebase:firebase-auth:22.3.1] AndroidManifest.xml:39:27-75
75
76                <data
76-->[com.google.firebase:firebase-auth:22.3.1] AndroidManifest.xml:41:17-44:51
77                    android:host="firebase.auth"
77-->[com.google.firebase:firebase-auth:22.3.1] AndroidManifest.xml:42:21-49
78                    android:path="/"
78-->[com.google.firebase:firebase-auth:22.3.1] AndroidManifest.xml:43:21-37
79                    android:scheme="genericidp" />
79-->[com.google.firebase:firebase-auth:22.3.1] AndroidManifest.xml:44:21-48
80            </intent-filter>
81        </activity>
82        <activity
82-->[com.google.firebase:firebase-auth:22.3.1] AndroidManifest.xml:47:9-64:20
83            android:name="com.google.firebase.auth.internal.RecaptchaActivity"
83-->[com.google.firebase:firebase-auth:22.3.1] AndroidManifest.xml:48:13-79
84            android:excludeFromRecents="true"
84-->[com.google.firebase:firebase-auth:22.3.1] AndroidManifest.xml:49:13-46
85            android:exported="true"
85-->[com.google.firebase:firebase-auth:22.3.1] AndroidManifest.xml:50:13-36
86            android:launchMode="singleTask"
86-->[com.google.firebase:firebase-auth:22.3.1] AndroidManifest.xml:51:13-44
87            android:theme="@android:style/Theme.Translucent.NoTitleBar" >
87-->[com.google.firebase:firebase-auth:22.3.1] AndroidManifest.xml:52:13-72
88            <intent-filter>
88-->[com.google.firebase:firebase-auth:22.3.1] AndroidManifest.xml:53:13-63:29
89                <action android:name="android.intent.action.VIEW" />
89-->[com.google.firebase:firebase-auth:22.3.1] AndroidManifest.xml:36:17-69
89-->[com.google.firebase:firebase-auth:22.3.1] AndroidManifest.xml:36:25-66
90
91                <category android:name="android.intent.category.DEFAULT" />
91-->[com.google.firebase:firebase-auth:22.3.1] AndroidManifest.xml:38:17-76
91-->[com.google.firebase:firebase-auth:22.3.1] AndroidManifest.xml:38:27-73
92                <category android:name="android.intent.category.BROWSABLE" />
92-->[com.google.firebase:firebase-auth:22.3.1] AndroidManifest.xml:39:17-78
92-->[com.google.firebase:firebase-auth:22.3.1] AndroidManifest.xml:39:27-75
93
94                <data
94-->[com.google.firebase:firebase-auth:22.3.1] AndroidManifest.xml:41:17-44:51
95                    android:host="firebase.auth"
95-->[com.google.firebase:firebase-auth:22.3.1] AndroidManifest.xml:42:21-49
96                    android:path="/"
96-->[com.google.firebase:firebase-auth:22.3.1] AndroidManifest.xml:43:21-37
97                    android:scheme="recaptcha" />
97-->[com.google.firebase:firebase-auth:22.3.1] AndroidManifest.xml:44:21-48
98            </intent-filter>
99        </activity>
100
101        <service
101-->[com.google.firebase:firebase-auth:22.3.1] AndroidManifest.xml:66:9-72:19
102            android:name="com.google.firebase.components.ComponentDiscoveryService"
102-->[com.google.firebase:firebase-auth:22.3.1] AndroidManifest.xml:67:13-84
103            android:directBootAware="true"
103-->[com.google.firebase:firebase-common:20.4.2] AndroidManifest.xml:32:13-43
104            android:exported="false" >
104-->[com.google.firebase:firebase-auth:22.3.1] AndroidManifest.xml:68:13-37
105            <meta-data
105-->[com.google.firebase:firebase-auth:22.3.1] AndroidManifest.xml:69:13-71:85
106                android:name="com.google.firebase.components:com.google.firebase.auth.FirebaseAuthRegistrar"
106-->[com.google.firebase:firebase-auth:22.3.1] AndroidManifest.xml:70:17-109
107                android:value="com.google.firebase.components.ComponentRegistrar" />
107-->[com.google.firebase:firebase-auth:22.3.1] AndroidManifest.xml:71:17-82
108            <meta-data
108-->[com.google.firebase:firebase-database-ktx:20.3.1] AndroidManifest.xml:12:13-14:85
109                android:name="com.google.firebase.components:com.google.firebase.database.ktx.FirebaseDatabaseLegacyRegistrar"
109-->[com.google.firebase:firebase-database-ktx:20.3.1] AndroidManifest.xml:13:17-127
110                android:value="com.google.firebase.components.ComponentRegistrar" />
110-->[com.google.firebase:firebase-database-ktx:20.3.1] AndroidManifest.xml:14:17-82
111            <meta-data
111-->[com.google.firebase:firebase-firestore-ktx:24.10.3] AndroidManifest.xml:12:13-14:85
112                android:name="com.google.firebase.components:com.google.firebase.firestore.ktx.FirebaseFirestoreLegacyRegistrar"
112-->[com.google.firebase:firebase-firestore-ktx:24.10.3] AndroidManifest.xml:13:17-129
113                android:value="com.google.firebase.components.ComponentRegistrar" />
113-->[com.google.firebase:firebase-firestore-ktx:24.10.3] AndroidManifest.xml:14:17-82
114            <meta-data
114-->[com.google.firebase:firebase-database:20.3.1] AndroidManifest.xml:29:13-31:85
115                android:name="com.google.firebase.components:com.google.firebase.database.FirebaseDatabaseKtxRegistrar"
115-->[com.google.firebase:firebase-database:20.3.1] AndroidManifest.xml:30:17-120
116                android:value="com.google.firebase.components.ComponentRegistrar" />
116-->[com.google.firebase:firebase-database:20.3.1] AndroidManifest.xml:31:17-82
117            <meta-data
117-->[com.google.firebase:firebase-database:20.3.1] AndroidManifest.xml:32:13-34:85
118                android:name="com.google.firebase.components:com.google.firebase.database.DatabaseRegistrar"
118-->[com.google.firebase:firebase-database:20.3.1] AndroidManifest.xml:33:17-109
119                android:value="com.google.firebase.components.ComponentRegistrar" />
119-->[com.google.firebase:firebase-database:20.3.1] AndroidManifest.xml:34:17-82
120            <meta-data
120-->[com.google.firebase:firebase-firestore:24.10.3] AndroidManifest.xml:17:13-19:85
121                android:name="com.google.firebase.components:com.google.firebase.firestore.FirebaseFirestoreKtxRegistrar"
121-->[com.google.firebase:firebase-firestore:24.10.3] AndroidManifest.xml:18:17-122
122                android:value="com.google.firebase.components.ComponentRegistrar" />
122-->[com.google.firebase:firebase-firestore:24.10.3] AndroidManifest.xml:19:17-82
123            <meta-data
123-->[com.google.firebase:firebase-firestore:24.10.3] AndroidManifest.xml:20:13-22:85
124                android:name="com.google.firebase.components:com.google.firebase.firestore.FirestoreRegistrar"
124-->[com.google.firebase:firebase-firestore:24.10.3] AndroidManifest.xml:21:17-111
125                android:value="com.google.firebase.components.ComponentRegistrar" />
125-->[com.google.firebase:firebase-firestore:24.10.3] AndroidManifest.xml:22:17-82
126            <meta-data
126-->[com.google.firebase:firebase-common-ktx:20.4.2] AndroidManifest.xml:12:13-14:85
127                android:name="com.google.firebase.components:com.google.firebase.ktx.FirebaseCommonLegacyRegistrar"
127-->[com.google.firebase:firebase-common-ktx:20.4.2] AndroidManifest.xml:13:17-116
128                android:value="com.google.firebase.components.ComponentRegistrar" />
128-->[com.google.firebase:firebase-common-ktx:20.4.2] AndroidManifest.xml:14:17-82
129            <meta-data
129-->[com.google.firebase:firebase-common:20.4.2] AndroidManifest.xml:35:13-37:85
130                android:name="com.google.firebase.components:com.google.firebase.FirebaseCommonKtxRegistrar"
130-->[com.google.firebase:firebase-common:20.4.2] AndroidManifest.xml:36:17-109
131                android:value="com.google.firebase.components.ComponentRegistrar" />
131-->[com.google.firebase:firebase-common:20.4.2] AndroidManifest.xml:37:17-82
132        </service>
133
134        <provider
134-->[com.google.firebase:firebase-common:20.4.2] AndroidManifest.xml:23:9-28:39
135            android:name="com.google.firebase.provider.FirebaseInitProvider"
135-->[com.google.firebase:firebase-common:20.4.2] AndroidManifest.xml:24:13-77
136            android:authorities="com.app.mytracker.firebaseinitprovider"
136-->[com.google.firebase:firebase-common:20.4.2] AndroidManifest.xml:25:13-72
137            android:directBootAware="true"
137-->[com.google.firebase:firebase-common:20.4.2] AndroidManifest.xml:26:13-43
138            android:exported="false"
138-->[com.google.firebase:firebase-common:20.4.2] AndroidManifest.xml:27:13-37
139            android:initOrder="100" />
139-->[com.google.firebase:firebase-common:20.4.2] AndroidManifest.xml:28:13-36
140
141        <activity
141-->[com.google.android.gms:play-services-base:18.1.0] AndroidManifest.xml:20:9-22:45
142            android:name="com.google.android.gms.common.api.GoogleApiActivity"
142-->[com.google.android.gms:play-services-base:18.1.0] AndroidManifest.xml:20:19-85
143            android:exported="false"
143-->[com.google.android.gms:play-services-base:18.1.0] AndroidManifest.xml:22:19-43
144            android:theme="@android:style/Theme.Translucent.NoTitleBar" />
144-->[com.google.android.gms:play-services-base:18.1.0] AndroidManifest.xml:21:19-78
145
146        <provider
146-->[androidx.emoji2:emoji2:1.2.0] AndroidManifest.xml:24:9-32:20
147            android:name="androidx.startup.InitializationProvider"
147-->[androidx.emoji2:emoji2:1.2.0] AndroidManifest.xml:25:13-67
148            android:authorities="com.app.mytracker.androidx-startup"
148-->[androidx.emoji2:emoji2:1.2.0] AndroidManifest.xml:26:13-68
149            android:exported="false" >
149-->[androidx.emoji2:emoji2:1.2.0] AndroidManifest.xml:27:13-37
150            <meta-data
150-->[androidx.emoji2:emoji2:1.2.0] AndroidManifest.xml:29:13-31:52
151                android:name="androidx.emoji2.text.EmojiCompatInitializer"
151-->[androidx.emoji2:emoji2:1.2.0] AndroidManifest.xml:30:17-75
152                android:value="androidx.startup" />
152-->[androidx.emoji2:emoji2:1.2.0] AndroidManifest.xml:31:17-49
153            <meta-data
153-->[androidx.lifecycle:lifecycle-process:2.6.1] AndroidManifest.xml:29:13-31:52
154                android:name="androidx.lifecycle.ProcessLifecycleInitializer"
154-->[androidx.lifecycle:lifecycle-process:2.6.1] AndroidManifest.xml:30:17-78
155                android:value="androidx.startup" />
155-->[androidx.lifecycle:lifecycle-process:2.6.1] AndroidManifest.xml:31:17-49
156            <meta-data
156-->[androidx.profileinstaller:profileinstaller:1.3.0] AndroidManifest.xml:29:13-31:52
157                android:name="androidx.profileinstaller.ProfileInstallerInitializer"
157-->[androidx.profileinstaller:profileinstaller:1.3.0] AndroidManifest.xml:30:17-85
158                android:value="androidx.startup" />
158-->[androidx.profileinstaller:profileinstaller:1.3.0] AndroidManifest.xml:31:17-49
159        </provider>
160
161        <meta-data
161-->[com.google.android.gms:play-services-basement:18.3.0] AndroidManifest.xml:21:9-23:69
162            android:name="com.google.android.gms.version"
162-->[com.google.android.gms:play-services-basement:18.3.0] AndroidManifest.xml:22:13-58
163            android:value="@integer/google_play_services_version" />
163-->[com.google.android.gms:play-services-basement:18.3.0] AndroidManifest.xml:23:13-66
164
165        <receiver
165-->[androidx.profileinstaller:profileinstaller:1.3.0] AndroidManifest.xml:34:9-52:20
166            android:name="androidx.profileinstaller.ProfileInstallReceiver"
166-->[androidx.profileinstaller:profileinstaller:1.3.0] AndroidManifest.xml:35:13-76
167            android:directBootAware="false"
167-->[androidx.profileinstaller:profileinstaller:1.3.0] AndroidManifest.xml:36:13-44
168            android:enabled="true"
168-->[androidx.profileinstaller:profileinstaller:1.3.0] AndroidManifest.xml:37:13-35
169            android:exported="true"
169-->[androidx.profileinstaller:profileinstaller:1.3.0] AndroidManifest.xml:38:13-36
170            android:permission="android.permission.DUMP" >
170-->[androidx.profileinstaller:profileinstaller:1.3.0] AndroidManifest.xml:39:13-57
171            <intent-filter>
171-->[androidx.profileinstaller:profileinstaller:1.3.0] AndroidManifest.xml:40:13-42:29
172                <action android:name="androidx.profileinstaller.action.INSTALL_PROFILE" />
172-->[androidx.profileinstaller:profileinstaller:1.3.0] AndroidManifest.xml:41:17-91
172-->[androidx.profileinstaller:profileinstaller:1.3.0] AndroidManifest.xml:41:25-88
173            </intent-filter>
174            <intent-filter>
174-->[androidx.profileinstaller:profileinstaller:1.3.0] AndroidManifest.xml:43:13-45:29
175                <action android:name="androidx.profileinstaller.action.SKIP_FILE" />
175-->[androidx.profileinstaller:profileinstaller:1.3.0] AndroidManifest.xml:44:17-85
175-->[androidx.profileinstaller:profileinstaller:1.3.0] AndroidManifest.xml:44:25-82
176            </intent-filter>
177            <intent-filter>
177-->[androidx.profileinstaller:profileinstaller:1.3.0] AndroidManifest.xml:46:13-48:29
178                <action android:name="androidx.profileinstaller.action.SAVE_PROFILE" />
178-->[androidx.profileinstaller:profileinstaller:1.3.0] AndroidManifest.xml:47:17-88
178-->[androidx.profileinstaller:profileinstaller:1.3.0] AndroidManifest.xml:47:25-85
179            </intent-filter>
180            <intent-filter>
180-->[androidx.profileinstaller:profileinstaller:1.3.0] AndroidManifest.xml:49:13-51:29
181                <action android:name="androidx.profileinstaller.action.BENCHMARK_OPERATION" />
181-->[androidx.profileinstaller:profileinstaller:1.3.0] AndroidManifest.xml:50:17-95
181-->[androidx.profileinstaller:profileinstaller:1.3.0] AndroidManifest.xml:50:25-92
182            </intent-filter>
183        </receiver>
184    </application>
185
186</manifest>